<?xml version="1.0" encoding="UTF-8"?>
<!-- Generated by org.testng.reporters.JUnitReportReporter -->
<testsuite hostname="LAPTOP-112CTCC4" failures="0" tests="1" name="MavenProject.e2efw.searchPage" time="12.814" errors="0" timestamp="2021-09-02T13:24:29 IST" skipped="0">
  <testcase classname="MavenProject.e2efw.searchPage" name="pageSearching" time="12.814"/>
  <system-out/>
</testsuite> <!-- MavenProject.e2efw.searchPage -->
