<?xml version="1.0" encoding="UTF-8"?>
<!-- Generated by org.testng.reporters.JUnitReportReporter -->
<testsuite hostname="LAPTOP-112CTCC4" failures="0" tests="2" name="MavenProject.e2efw.bookfinding" time="16.408" errors="0" timestamp="2021-09-02T13:24:29 IST" skipped="0">
  <testcase classname="MavenProject.e2efw.bookfinding" name="contactus_details" time="9.234"/>
  <system-out/>
  <testcase classname="MavenProject.e2efw.bookfinding" name="click_on_book" time="7.174"/>
  <system-out/>
</testsuite> <!-- MavenProject.e2efw.bookfinding -->
